  
  .NET 5.0을(를) 시작합니다.
  ---------------------
  SDK 버전: 5.0.403
  
  원격 분석
  ---------
  .NET 도구는 사용자 환경 개선을 위해 사용량 현황 데이터를 수집합니다. Microsoft에서 데이터를 수집하여 커뮤니티와 공유합니다. 원하는 셸을 사용하여 DOTNET_CLI_TELEMETRY_OPTOUT 환경 변수를 '1' 또는 'true'로 설정하여 원격 분석을 옵트아웃할 수 있습니다.
  
  .NET CLI 도구 원격 분석에 대한 자세한 내용은 https://aka.ms/dotnet-cli-telemetry를 참조하세요.
  
  ----------------
  ASP.NET Core HTTPS 개발 인증서를 설치했습니다.
  인증서를 신뢰하려면 'dotnet dev-certs https --trust'를 실행합니다(Windows 및 macOS만).
  HTTPS에 대한 자세한 정보: https://aka.ms/dotnet-https
  ----------------
  첫 번째 앱 작성: https://aka.ms/dotnet-hello-world
  새로운 기능 확인: https://aka.ms/dotnet-whats-new
  설명서 살펴보기: https://aka.ms/dotnet-docs
  GitHub에서 문제 보고 및 소스 찾기: https://github.com/dotnet/core
  사용 가능한 명령을 보려면 'dotnet --help'를 사용하거나 https://aka.ms/dotnet-cli를 방문하세요.
  --------------------------------------------------------------------------------------
  .NET용 Microsoft (R) Build Engine 버전 16.11.2+f32259642
  Copyright (C) Microsoft Corporation. All rights reserved.
  
  
  빌드했습니다.
      경고 0개
      오류 0개
  
  경과 시간: 00:00:09.13
  Cleaning UnrealEditor, ShaderCompileWorker and UnrealHeaderTool binaries...
C:\Program Files (x86)\Microsoft Visual Studio\2019\Enterprise\MSBuild\Microsoft\VC\v160\Microsoft.MakeFile.Targets(39,5): warning MSB5021: 빌드가 취소되었으므로 작업 실행 파일 "cmd" 및 자식 프로세스를 종료합니다.
C:\Program Files (x86)\Microsoft Visual Studio\2019\Enterprise\MSBuild\Microsoft\VC\v160\Microsoft.MakeFile.Targets(39,5): error MSB4181: "Exec" 작업이 false를 반환했지만 오류를 기록하지 않았습니다.
